C:\Users\Dini Home\source\repos\BondoraAngular1\BondoraAngular1\ClientApp\dist\out-tsc\src\app\material\material.module.js
C:\Users\Dini Home\source\repos\BondoraAngular1\BondoraAngular1\ClientApp\dist\out-tsc\src\app\material\material.module.js.map
C:\Users\Dini Home\source\repos\BondoraAngular1\BondoraAngular1\ClientApp\dist\out-tsc\src\app\models\Inventory.js
C:\Users\Dini Home\source\repos\BondoraAngular1\BondoraAngular1\ClientApp\dist\out-tsc\src\app\models\Inventory.js.map
C:\Users\Dini Home\source\repos\BondoraAngular1\BondoraAngular1\ClientApp\dist\out-tsc\src\app\models\user.js
C:\Users\Dini Home\source\repos\BondoraAngular1\BondoraAngular1\ClientApp\dist\out-tsc\src\app\models\user.js.map
C:\Users\Dini Home\source\repos\BondoraAngular1\BondoraAngular1\ClientApp\dist\out-tsc\src\app\models\invoice.js
C:\Users\Dini Home\source\repos\BondoraAngular1\BondoraAngular1\ClientApp\dist\out-tsc\src\app\models\invoice.js.map
C:\Users\Dini Home\source\repos\BondoraAngular1\BondoraAngular1\ClientApp\dist\out-tsc\src\app\shared\api-order.service.js
C:\Users\Dini Home\source\repos\BondoraAngular1\BondoraAngular1\ClientApp\dist\out-tsc\src\app\shared\api-order.service.js.map
C:\Users\Dini Home\source\repos\BondoraAngular1\BondoraAngular1\ClientApp\dist\out-tsc\src\app\order\order-reciept\order-reciept.component.js
C:\Users\Dini Home\source\repos\BondoraAngular1\BondoraAngular1\ClientApp\dist\out-tsc\src\app\order\order-reciept\order-reciept.component.js.map
C:\Users\Dini Home\source\repos\BondoraAngular1\BondoraAngular1\ClientApp\dist\out-tsc\src\app\order\order.component.js
C:\Users\Dini Home\source\repos\BondoraAngular1\BondoraAngular1\ClientApp\dist\out-tsc\src\app\order\order.component.js.map
C:\Users\Dini Home\source\repos\BondoraAngular1\BondoraAngular1\ClientApp\dist\out-tsc\src\app\user\log-in\log-in.component.js
C:\Users\Dini Home\source\repos\BondoraAngular1\BondoraAngular1\ClientApp\dist\out-tsc\src\app\user\log-in\log-in.component.js.map
C:\Users\Dini Home\source\repos\BondoraAngular1\BondoraAngular1\ClientApp\dist\out-tsc\src\app\auth\auth.guard.js
C:\Users\Dini Home\source\repos\BondoraAngular1\BondoraAngular1\ClientApp\dist\out-tsc\src\app\auth\auth.guard.js.map
C:\Users\Dini Home\source\repos\BondoraAngular1\BondoraAngular1\ClientApp\dist\out-tsc\src\app\app-routing.module.js
C:\Users\Dini Home\source\repos\BondoraAngular1\BondoraAngular1\ClientApp\dist\out-tsc\src\app\app-routing.module.js.map
C:\Users\Dini Home\source\repos\BondoraAngular1\BondoraAngular1\ClientApp\dist\out-tsc\src\app\app.component.js
C:\Users\Dini Home\source\repos\BondoraAngular1\BondoraAngular1\ClientApp\dist\out-tsc\src\app\app.component.js.map
C:\Users\Dini Home\source\repos\BondoraAngular1\BondoraAngular1\ClientApp\dist\out-tsc\src\app\user\nav-bar\nav-bar.component.js
C:\Users\Dini Home\source\repos\BondoraAngular1\BondoraAngular1\ClientApp\dist\out-tsc\src\app\user\nav-bar\nav-bar.component.js.map
C:\Users\Dini Home\source\repos\BondoraAngular1\BondoraAngular1\ClientApp\dist\out-tsc\src\app\auth\auth.interceptor.js
C:\Users\Dini Home\source\repos\BondoraAngular1\BondoraAngular1\ClientApp\dist\out-tsc\src\app\auth\auth.interceptor.js.map
C:\Users\Dini Home\source\repos\BondoraAngular1\BondoraAngular1\ClientApp\dist\out-tsc\src\app\app.module.js
C:\Users\Dini Home\source\repos\BondoraAngular1\BondoraAngular1\ClientApp\dist\out-tsc\src\app\app.module.js.map
C:\Users\Dini Home\source\repos\BondoraAngular1\BondoraAngular1\ClientApp\dist\out-tsc\src\environments\environment.js
C:\Users\Dini Home\source\repos\BondoraAngular1\BondoraAngular1\ClientApp\dist\out-tsc\src\environments\environment.js.map
C:\Users\Dini Home\source\repos\BondoraAngular1\BondoraAngular1\ClientApp\dist\out-tsc\src\main.js
C:\Users\Dini Home\source\repos\BondoraAngular1\BondoraAngular1\ClientApp\dist\out-tsc\src\main.js.map
C:\Users\Dini Home\source\repos\BondoraAngular1\BondoraAngular1\ClientApp\dist\out-tsc\src\polyfills.js
C:\Users\Dini Home\source\repos\BondoraAngular1\BondoraAngular1\ClientApp\dist\out-tsc\src\polyfills.js.map
C:\Users\Dini Home\source\repos\BondoraAngular1\BondoraAngular1\ClientApp\dist\out-tsc\src\test.js
C:\Users\Dini Home\source\repos\BondoraAngular1\BondoraAngular1\ClientApp\dist\out-tsc\src\test.js.map
C:\Users\Dini Home\source\repos\BondoraAngular1\BondoraAngular1\ClientApp\dist\out-tsc\e2e\src\app.po.js
C:\Users\Dini Home\source\repos\BondoraAngular1\BondoraAngular1\ClientApp\dist\out-tsc\e2e\src\app.po.js.map
C:\Users\Dini Home\source\repos\BondoraAngular1\BondoraAngular1\ClientApp\dist\out-tsc\e2e\src\app.e2e-spec.js
C:\Users\Dini Home\source\repos\BondoraAngular1\BondoraAngular1\ClientApp\dist\out-tsc\e2e\src\app.e2e-spec.js.map
C:\Users\Dini Home\source\repos\BondoraAngular1\BondoraAngular1\ClientApp\dist\out-tsc\src\app\app.component.spec.js
C:\Users\Dini Home\source\repos\BondoraAngular1\BondoraAngular1\ClientApp\dist\out-tsc\src\app\app.component.spec.js.map
C:\Users\Dini Home\source\repos\BondoraAngular1\BondoraAngular1\ClientApp\dist\out-tsc\src\environments\environment.prod.js
C:\Users\Dini Home\source\repos\BondoraAngular1\BondoraAngular1\ClientApp\dist\out-tsc\src\environments\environment.prod.js.map
C:\Users\Dini Home\source\repos\BondoraAngular1\BondoraAngular1\ClientApp\dist\out-tsc\src\app\order\order.component.spec.js
C:\Users\Dini Home\source\repos\BondoraAngular1\BondoraAngular1\ClientApp\dist\out-tsc\src\app\order\order.component.spec.js.map
C:\Users\Dini Home\source\repos\BondoraAngular1\BondoraAngular1\ClientApp\dist\out-tsc\src\app\shared\api-order.service.spec.js
C:\Users\Dini Home\source\repos\BondoraAngular1\BondoraAngular1\ClientApp\dist\out-tsc\src\app\shared\api-order.service.spec.js.map
C:\Users\Dini Home\source\repos\BondoraAngular1\BondoraAngular1\ClientApp\dist\out-tsc\src\app\order\order-reciept\order-reciept.component.spec.js
C:\Users\Dini Home\source\repos\BondoraAngular1\BondoraAngular1\ClientApp\dist\out-tsc\src\app\order\order-reciept\order-reciept.component.spec.js.map
C:\Users\Dini Home\source\repos\BondoraAngular1\BondoraAngular1\ClientApp\dist\out-tsc\src\app\user\log-in\log-in.component.spec.js
C:\Users\Dini Home\source\repos\BondoraAngular1\BondoraAngular1\ClientApp\dist\out-tsc\src\app\user\log-in\log-in.component.spec.js.map
C:\Users\Dini Home\source\repos\BondoraAngular1\BondoraAngular1\ClientApp\dist\out-tsc\src\app\user\nav-bar\nav-bar.component.spec.js
C:\Users\Dini Home\source\repos\BondoraAngular1\BondoraAngular1\ClientApp\dist\out-tsc\src\app\user\nav-bar\nav-bar.component.spec.js.map
